<?xml version="1.0" encoding="UTF-8"?>
<!-- Generated by org.testng.reporters.JUnitReportReporter -->
<testsuite hostname="Saikrishna" failures="0" tests="1" name="testCases.TC001_AccountRegistrationTest" time="2.113" errors="0" timestamp="2024-11-27T20:10:44 IST" skipped="0">
  <testcase classname="testCases.TC001_AccountRegistrationTest" name="AccountRegistration" time="2.113"/>
</testsuite> <!-- testCases.TC001_AccountRegistrationTest -->
