<?xml version="1.0" encoding="UTF-8"?>
<!-- Generated by org.testng.reporters.JUnitReportReporter -->
<testsuite hostname="Saikrishna" failures="0" tests="1" name="testCases.TC002_LoginTest" time="1.469" errors="0" timestamp="2024-11-27T20:10:44 IST" skipped="0">
  <testcase classname="testCases.TC002_LoginTest" name="Verify_LoginTest" time="1.469"/>
</testsuite> <!-- testCases.TC002_LoginTest -->
